0 info it worked if it ends with ok
1 verbose cli [ '/usr/bin/node', '/usr/bin/npm', 'run', 'estools' ]
2 info using npm@2.1.18
3 info using node@v0.10.35
4 verbose run-script [ 'preestools', 'estools', 'postestools' ]
5 info preestools due-compiler@0.0.5
6 info estools due-compiler@0.0.5
7 verbose unsafe-perm in lifecycle true
8 info due-compiler@0.0.5 Failed to exec estools script
9 verbose stack Error: due-compiler@0.0.5 estools: `browserify pages/scripts/estools.browserify.js > pages/scripts/estools.bundle.js`
9 verbose stack Exit status 1
9 verbose stack     at EventEmitter.<anonymous> (/usr/lib/node_modules/npm/lib/utils/lifecycle.js:212:16)
9 verbose stack     at EventEmitter.emit (events.js:98:17)
9 verbose stack     at ChildProcess.<anonymous> (/usr/lib/node_modules/npm/lib/utils/spawn.js:14:12)
9 verbose stack     at ChildProcess.emit (events.js:98:17)
9 verbose stack     at maybeClose (child_process.js:766:16)
9 verbose stack     at Process.ChildProcess._handle.onexit (child_process.js:833:5)
10 verbose pkgid due-compiler@0.0.5
11 verbose cwd /home/etn/Projects/fluxion/due-compiler/pages
12 error Linux 3.17.6-1-ARCH
13 error argv "/usr/bin/node" "/usr/bin/npm" "run" "estools"
14 error node v0.10.35
15 error npm  v2.1.18
16 error code ELIFECYCLE
17 error due-compiler@0.0.5 estools: `browserify pages/scripts/estools.browserify.js > pages/scripts/estools.bundle.js`
17 error Exit status 1
18 error Failed at the due-compiler@0.0.5 estools script 'browserify pages/scripts/estools.browserify.js > pages/scripts/estools.bundle.js'.
18 error This is most likely a problem with the due-compiler package,
18 error not with npm itself.
18 error Tell the author that this fails on your system:
18 error     browserify pages/scripts/estools.browserify.js > pages/scripts/estools.bundle.js
18 error You can get their info via:
18 error     npm owner ls due-compiler
18 error There is likely additional logging output above.
19 verbose exit [ 1, true ]
